<?xml version="1.0" encoding="UTF-8"?>
<testsuite name="hello.hellospring.service.MemberServiceTest" tests="2" skipped="0" failures="0" errors="0" timestamp="2024-08-11T12:06:03" hostname="LAPTOP-NJ38A8SC" time="0.953">
  <properties/>
  <testcase name="join()" classname="hello.hellospring.service.MemberServiceTest" time="0.929"/>
  <testcase name="중복_회원_예외()" classname="hello.hellospring.service.MemberServiceTest" time="0.022"/>
  <system-out><![CDATA[21:06:00.060 [Test worker] INFO org.springframework.test.context.support.AnnotationConfigContextLoaderUtils -- Could not detect default configuration classes for test class [hello.hellospring.service.MemberServiceTest]: MemberServiceTest does not declare any static, non-private, non-final, nested classes annotated with @Configuration.
21:06:00.164 [Test worker] INFO org.springframework.boot.test.context.SpringBootTestContextBootstrapper -- Found @SpringBootConfiguration hello.hellospring.HelloSpringApplication for test class hello.hellospring.service.MemberServiceTest

  .   ____          _            __ _ _
 /\\ / ___'_ __ _ _(_)_ __  __ _ \ \ \ \
( ( )\___ | '_ | '_| | '_ \/ _` | \ \ \ \
 \\/  ___)| |_)| | | | | || (_| |  ) ) ) )
  '  |____| .__|_| |_|_| |_\__, | / / / /
 =========|_|==============|___/=/_/_/_/

 :: Spring Boot ::                (v3.3.2)

2024-08-11T21:06:00.519+09:00  INFO 5656 --- [    Test worker] h.hellospring.service.MemberServiceTest  : Starting MemberServiceTest using Java 17.0.10 with PID 5656 (started by User in C:\Users\User\Desktop\spring work\hello-spring\hello-spring)
2024-08-11T21:06:00.520+09:00  INFO 5656 --- [    Test worker] h.hellospring.service.MemberServiceTest  : No active profile set, falling back to 1 default profile: "default"
2024-08-11T21:06:01.156+09:00  INFO 5656 --- [    Test worker] .s.d.r.c.RepositoryConfigurationDelegate : Bootstrapping Spring Data JPA repositories in DEFAULT mode.
2024-08-11T21:06:01.178+09:00  INFO 5656 --- [    Test worker] .s.d.r.c.RepositoryConfigurationDelegate : Finished Spring Data repository scanning in 14 ms. Found 0 JPA repository interfaces.
2024-08-11T21:06:01.715+09:00  INFO 5656 --- [    Test worker] o.hibernate.jpa.internal.util.LogHelper  : HHH000204: Processing PersistenceUnitInfo [name: default]
2024-08-11T21:06:01.781+09:00  INFO 5656 --- [    Test worker] org.hibernate.Version                    : HHH000412: Hibernate ORM core version 6.5.2.Final
2024-08-11T21:06:01.830+09:00  INFO 5656 --- [    Test worker] o.h.c.internal.RegionFactoryInitiator    : HHH000026: Second-level cache disabled
2024-08-11T21:06:02.188+09:00  INFO 5656 --- [    Test worker] o.s.o.j.p.SpringPersistenceUnitInfo      : No LoadTimeWeaver setup: ignoring JPA class transformer
2024-08-11T21:06:02.218+09:00  INFO 5656 --- [    Test worker] com.zaxxer.hikari.HikariDataSource       : HikariPool-1 - Starting...
2024-08-11T21:06:02.306+09:00  INFO 5656 --- [    Test worker] com.zaxxer.hikari.pool.HikariPool        : HikariPool-1 - Added connection conn0: url=jdbc:h2:tcp://localhost/~/test user=SA
2024-08-11T21:06:02.308+09:00  INFO 5656 --- [    Test worker] com.zaxxer.hikari.HikariDataSource       : HikariPool-1 - Start completed.
2024-08-11T21:06:03.104+09:00  INFO 5656 --- [    Test worker] o.h.e.t.j.p.i.JtaPlatformInitiator       : HHH000489: No JTA platform available (set 'hibernate.transaction.jta.platform' to enable JTA platform integration)
2024-08-11T21:06:03.106+09:00  INFO 5656 --- [    Test worker] j.LocalContainerEntityManagerFactoryBean : Initialized JPA EntityManagerFactory for persistence unit 'default'
2024-08-11T21:06:03.332+09:00  WARN 5656 --- [    Test worker] JpaBaseConfiguration$JpaWebConfiguration : spring.jpa.open-in-view is enabled by default. Therefore, database queries may be performed during view rendering. Explicitly configure spring.jpa.open-in-view to disable this warning
2024-08-11T21:06:03.826+09:00  INFO 5656 --- [    Test worker] h.hellospring.service.MemberServiceTest  : Started MemberServiceTest in 3.506 seconds (process running for 4.613)
Hibernate: select m1_0.id,m1_0.name from member m1_0 where m1_0.name=?
Hibernate: insert into member (name,id) values (?,default)
Hibernate: select m1_0.id,m1_0.name from member m1_0 where m1_0.name=?
Hibernate: insert into member (name,id) values (?,default)
Hibernate: select m1_0.id,m1_0.name from member m1_0 where m1_0.name=?
]]></system-out>
  <system-err><![CDATA[]]></system-err>
</testsuite>
