<?xml version="1.0" encoding="UTF-8"?>
<testsuite name="hello.jdbc.service.MemberServiceV4Test" tests="2" skipped="0" failures="0" errors="0" timestamp="2024-08-16T06:54:49" hostname="LAPTOP-NJ38A8SC" time="0.663">
  <properties/>
  <testcase name="이체 중 예외 발생" classname="hello.jdbc.service.MemberServiceV4Test" time="0.65"/>
  <testcase name="정상 이체" classname="hello.jdbc.service.MemberServiceV4Test" time="0.012"/>
  <system-out><![CDATA[15:54:48.828 [Test worker] INFO org.springframework.boot.test.context.SpringBootTestContextBootstrapper -- Found @SpringBootConfiguration hello.jdbc.JdbcApplication for test class hello.jdbc.service.MemberServiceV4Test

  .   ____          _            __ _ _
 /\\ / ___'_ __ _ _(_)_ __  __ _ \ \ \ \
( ( )\___ | '_ | '_| | '_ \/ _` | \ \ \ \
 \\/  ___)| |_)| | | | | || (_| |  ) ) ) )
  '  |____| .__|_| |_|_| |_\__, | / / / /
 =========|_|==============|___/=/_/_/_/

 :: Spring Boot ::                (v3.3.2)

2024-08-16T15:54:49.103+09:00  INFO 13500 --- [jdbc] [    Test worker] hello.jdbc.service.MemberServiceV4Test   : Starting MemberServiceV4Test using Java 17.0.10 with PID 13500 (started by User in C:\Users\User\Desktop\spring work\jdbc\jdbc)
2024-08-16T15:54:49.104+09:00  INFO 13500 --- [jdbc] [    Test worker] hello.jdbc.service.MemberServiceV4Test   : No active profile set, falling back to 1 default profile: "default"
2024-08-16T15:54:49.621+09:00  INFO 13500 --- [jdbc] [    Test worker] com.zaxxer.hikari.HikariDataSource       : HikariPool-1 - Starting...
2024-08-16T15:54:49.679+09:00  INFO 13500 --- [jdbc] [    Test worker] com.zaxxer.hikari.pool.HikariPool        : HikariPool-1 - Added connection conn0: url=jdbc:h2:tcp://localhost/~/test user=SA
2024-08-16T15:54:49.680+09:00  INFO 13500 --- [jdbc] [    Test worker] com.zaxxer.hikari.HikariDataSource       : HikariPool-1 - Start completed.
2024-08-16T15:54:49.824+09:00  INFO 13500 --- [jdbc] [    Test worker] hello.jdbc.service.MemberServiceV4Test   : Started MemberServiceV4Test in 0.878 seconds (process running for 1.695)
2024-08-16T15:54:50.449+09:00  INFO 13500 --- [jdbc] [    Test worker] h.jdbc.repository.MemberRepositoryV4_2   : resultSize = 1
2024-08-16T15:54:50.469+09:00  INFO 13500 --- [jdbc] [    Test worker] h.jdbc.repository.MemberRepositoryV4_2   : resultSize = 1
2024-08-16T15:54:50.469+09:00  INFO 13500 --- [jdbc] [    Test worker] h.jdbc.repository.MemberRepositoryV4_2   : resultSize = 0
2024-08-16T15:54:50.471+09:00  INFO 13500 --- [jdbc] [    Test worker] h.jdbc.repository.MemberRepositoryV4_2   : resultSize = 1
2024-08-16T15:54:50.486+09:00  INFO 13500 --- [jdbc] [    Test worker] h.jdbc.repository.MemberRepositoryV4_2   : resultSize = 1
2024-08-16T15:54:50.487+09:00  INFO 13500 --- [jdbc] [    Test worker] h.jdbc.repository.MemberRepositoryV4_2   : resultSize = 1
2024-08-16T15:54:50.490+09:00  INFO 13500 --- [jdbc] [    Test worker] h.jdbc.repository.MemberRepositoryV4_2   : resultSize = 1
2024-08-16T15:54:50.491+09:00  INFO 13500 --- [jdbc] [    Test worker] h.jdbc.repository.MemberRepositoryV4_2   : resultSize = 1
2024-08-16T15:54:50.491+09:00  INFO 13500 --- [jdbc] [    Test worker] h.jdbc.repository.MemberRepositoryV4_2   : resultSize = 0
]]></system-out>
  <system-err><![CDATA[]]></system-err>
</testsuite>
